Command: /home/alicealike1022/Project/Write_Project/eva_riscv/my_riscv/sim/work/run/simv +fsdb+autoflush +wave=work/wave/wave.fsdb -ucli -do work/script/dump_wave.tcl -l work/log/vcs_sim.log
Chronologic VCS simulator copyright 1991-2018
Contains Synopsys proprietary information.
Compiler version O-2018.09-SP2_Full64; Runtime version O-2018.09-SP2_Full64;  Apr  9 00:52 2026
UVM_INFO /home/alicealike1022/tools/uvm/uvm-1.2/src/base/uvm_root.svh(392) @ 0: reporter [UVM/RELNOTES] 
----------------------------------------------------------------
UVM-1.2
(C) 2007-2014 Mentor Graphics Corporation
(C) 2007-2014 Cadence Design Systems, Inc.
(C) 2006-2014 Synopsys, Inc.
(C) 2011-2013 Cypress Semiconductor Corp.
(C) 2013-2014 NVIDIA Corporation
----------------------------------------------------------------

  ***********       IMPORTANT RELEASE NOTES         ************

  You are using a version of the UVM library that has been compiled
  with `UVM_NO_DEPRECATED undefined.
  See http://www.eda.org/svdb/view.php?id=3313 for more details.

  You are using a version of the UVM library that has been compiled
  with `UVM_OBJECT_DO_NOT_NEED_CONSTRUCTOR undefined.
  See http://www.eda.org/svdb/view.php?id=3770 for more details.

      (Specify +UVM_NO_RELNOTES to turn off this notice)

ucli% fsdbDumpfile "work/wave/wave.fsdb"
*Verdi* Loading libsscore_vcs201809.so
FSDB Dumper for VCS, Release Verdi_O-2018.09-SP2, Linux x86_64/64bit, 02/21/2019
(C) 1996 - 2019 by Synopsys, Inc.
*Verdi* : Create FSDB file 'work/wave/wave.fsdb'
ucli% fsdbDumpvars 0 "tp_top"
*Verdi* ERROR: The #2 argument "tp_top" is invalid
*Verdi* ERROR: Failed to dump because the specified instance or option is not correct
*Verdi* ERROR: Syntax - fsdbDumpvars [depth] [instance] [option]*
ucli% run
========================================
UVM Testbench Top Level
Time: 0
========================================
UVM_INFO @ 0: reporter [RNTST] Running test base_test...
Dumping waveform...
*Verdi* FSDB WARNING: The FSDB file already exists. Overwriting the FSDB file may crash the programs that are using this file.
*Verdi* : Create FSDB file '.fsdb'
*Verdi* : Begin traversing the scopes, layer (0).
*Verdi* : End of traversing.
UVM_INFO /home/alicealike1022/tools/uvm/uvm-1.2/src/base/uvm_root.svh(579) @ 0: reporter [UVMTOP] UVM testbench topology:
--------------------------------------------------------------
Name                       Type                    Size  Value
--------------------------------------------------------------
uvm_test_top               base_test               -     @347 
  env                      ID_env                  -     @360 
    ID_agt                 ID_agent                -     @388 
      drv                  ID_driver               -     @564 
        rsp_port           uvm_analysis_port       -     @583 
        seq_item_port      uvm_seq_item_pull_port  -     @573 
      mon                  ID_monitor              -     @593 
        ap_instr           uvm_analysis_port       -     @602 
      sqr                  instr_sequencer         -     @427 
        rsp_export         uvm_analysis_export     -     @436 
        seq_item_export    uvm_seq_item_pull_imp   -     @554 
        arbitration_queue  array                   0     -    
        lock_queue         array                   0     -    
        num_last_reqs      integral                32    'd1  
        num_last_rsps      integral                32    'd1  
    clk_rst_agt            clk_rst_agent           -     @379 
      clk_rst_driver       clk_rst_driver          -     @621 
        rsp_port           uvm_analysis_port       -     @640 
        seq_item_port      uvm_seq_item_pull_port  -     @630 
    ref_mdl                ID_ref_model            -     @397 
    sbd                    ID_scoreboard           -     @406 
      instr_analysis_imp   uvm_analysis_imp        -     @415 
--------------------------------------------------------------

UVM_INFO /home/alicealike1022/tools/uvm/uvm-1.2/src/base/uvm_objection.svh(1270) @ 20010000: reporter [TEST_DONE] 'run' phase is ready to proceed to the 'extract' phase
UVM_INFO ../uvm_test/ID/sequence/../component/scoreboard.sv(95) @ 20010000: uvm_test_top.env.sbd [ID_scoreboard] Matches: 1000, Mismatches: 0
UVM_INFO /home/alicealike1022/tools/uvm/uvm-1.2/src/base/uvm_report_server.svh(847) @ 20010000: reporter [UVM/REPORT/SERVER] 
--- UVM Report Summary ---

** Report counts by severity
UVM_INFO :    5
UVM_WARNING :    0
UVM_ERROR :    0
UVM_FATAL :    0
** Report counts by id
[ID_scoreboard]     1
[RNTST]     1
[TEST_DONE]     1
[UVM/RELNOTES]     1
[UVMTOP]     1

$finish called from file "/home/alicealike1022/tools/uvm/uvm-1.2/src/base/uvm_root.svh", line 517.
$finish at simulation time             20010000
           V C S   S i m u l a t i o n   R e p o r t 
Time: 20010000 ps
CPU Time:      0.300 seconds;       Data structure size:   0.5Mb
Thu Apr  9 00:52:39 2026
